*****info*****   Server running on port 3001
*****info*****   Databe connected to mongodb+srv://Ghazaryan2409:AR122333@cluster0.jh3pp.mongodb.net/OnGrid
*****info*****   GET /isAuthenticated
*****info*****   GET /isAuthenticated
*****info*****   GET /api/isAuthenticated
*****info*****   GET /api/isAuthenticated
*****info*****   GET /api/isAuthenticated
*****info*****   GET /api/isAuthenticated
*****info*****   GET /api/isAuthenticated
*****info*****   GET /api/isAuthenticated
*****info*****   Server running on port 3001
*****info*****   Databe connected to mongodb+srv://Ghazaryan2409:AR122333@cluster0.jh3pp.mongodb.net/OnGrid
*****info*****   GET /api/isAuthenticated
*****info*****   GET /api/isAuthenticated
*****info*****   GET /
*****info*****   Server running on port 3001
*****info*****   Databe connected to mongodb+srv://Ghazaryan2409:AR122333@cluster0.jh3pp.mongodb.net/OnGrid
*****info*****   Server running on port 3001
*****info*****   Databe connected to mongodb+srv://Ghazaryan2409:AR122333@cluster0.jh3pp.mongodb.net/OnGrid
*****info*****   Server running on port 3001
*****info*****   Server running on port 3001
*****info*****   Server running on port 3001
*****info*****   Databe connected to mongodb+srv://Ghazaryan2409:AR122333@cluster0.jh3pp.mongodb.net/OnGrid
*****info*****   Server running on port 3001
*****info*****   Server running on port 3001
*****info*****   Server running on port 3001
*****info*****   Databe connected to mongodb+srv://Ghazaryan2409:AR122333@cluster0.jh3pp.mongodb.net/OnGrid
*****info*****   Server running on port 3001
*****info*****   Server running on port 3001
*****info*****   Server running on port 3001
*****info*****   Databe connected to mongodb+srv://Ghazaryan2409:AR122333@cluster0.jh3pp.mongodb.net/OnGrid
*****info*****   Server running on port 3001
*****info*****   Databe connected to mongodb+srv://Ghazaryan2409:AR122333@cluster0.jh3pp.mongodb.net/OnGrid
*****info*****   GET /
*****info*****   Server running on port 3001
*****info*****   Databe connected to mongodb+srv://Ghazaryan2409:AR122333@cluster0.jh3pp.mongodb.net/OnGrid
*****info*****   Server running on port 3001
*****info*****   Databe connected to mongodb+srv://Ghazaryan2409:AR122333@cluster0.jh3pp.mongodb.net/OnGrid
*****info*****   GET /
*****info*****   Server running on port 3001
*****info*****   Databe connected to mongodb+srv://Ghazaryan2409:AR122333@cluster0.jh3pp.mongodb.net/OnGrid
*****info*****   GET /
*****info*****   GET /
*****info*****   Server running on port 3001
*****info*****   Databe connected to mongodb+srv://Ghazaryan2409:AR122333@cluster0.jh3pp.mongodb.net/OnGrid
*****info*****   Server running on port 3001
*****info*****   Server running on port 3001
*****info*****   Databe connected to mongodb+srv://Ghazaryan2409:AR122333@cluster0.jh3pp.mongodb.net/OnGrid
*****info*****   GET /
*****info*****   Server running on port 3001
*****info*****   Server running on port 3001
*****info*****   Databe connected to mongodb+srv://Ghazaryan2409:AR122333@cluster0.jh3pp.mongodb.net/OnGrid
*****info*****   GET /
*****info*****   GET /static/js/main.4a89535f.js
*****info*****   GET /static/css/main.e6c13ad2.css
*****info*****   GET /manifest.json
*****info*****   GET /favicon.ico
*****info*****   GET /static/css/main.e6c13ad2.css
*****info*****   GET /manifest.json
*****info*****   GET /
*****info*****   GET /static/js/main.4a89535f.js
*****info*****   GET /static/css/main.e6c13ad2.css
*****info*****   GET /manifest.json
*****info*****   GET /favicon.ico
*****info*****   GET /
*****info*****   GET /static/js/main.4a89535f.js
*****info*****   GET /static/css/main.e6c13ad2.css
*****info*****   GET /manifest.json
*****info*****   GET /favicon.ico
*****info*****   Server running on port 3001
*****info*****   Databe connected to mongodb+srv://Ghazaryan2409:AR122333@cluster0.jh3pp.mongodb.net/OnGrid
*****info*****   Server running on port 3001
*****info*****   Databe connected to mongodb+srv://Ghazaryan2409:AR122333@cluster0.jh3pp.mongodb.net/OnGrid
*****info*****   GET /
*****info*****   GET /static/js/main.4a89535f.js
*****info*****   GET /static/css/main.e6c13ad2.css
*****info*****   GET /favicon.ico
*****info*****   GET /manifest.json
*****info*****   GET /
*****info*****   GET /static/js/main.4a89535f.js
*****info*****   GET /static/css/main.e6c13ad2.css
*****info*****   GET /manifest.json
*****info*****   GET /favicon.ico
*****info*****   Server running on port 3001
*****info*****   Databe connected to mongodb+srv://Ghazaryan2409:AR122333@cluster0.jh3pp.mongodb.net/OnGrid
*****info*****   GET /
*****info*****   Server running on port 3001
*****info*****   Databe connected to mongodb+srv://Ghazaryan2409:AR122333@cluster0.jh3pp.mongodb.net/OnGrid
*****info*****   GET /
*****info*****   GET /static/js/main.4a89535f.js
*****info*****   GET /static/css/main.e6c13ad2.css
*****info*****   GET /favicon.ico
*****info*****   GET /manifest.json
*****info*****   GET /api/isAuthenticated
*****info*****   GET /api/isAuthenticated
*****info*****   GET /api/signIn
*****info*****   GET /api/signIn
*****info*****   GET /api/signIn
*****info*****   GET /api/signIn
*****info*****   GET /api/isAuthenticated
*****info*****   GET /api/isAuthenticated
*****info*****   GET /api/signIn
*****info*****   GET /api/signIn
*****info*****   GET /api/signIn
*****info*****   GET /api/signIn
*****info*****   GET /api/signIn
*****info*****   GET /api/signIn
*****info*****   GET /api/signIn
*****info*****   GET /api/signIn
*****info*****   GET /api/signIn
*****info*****   GET /api/signIn
*****info*****   GET /api/signIn
*****info*****   Server running on port 3001
*****info*****   Databe connected to mongodb+srv://Ghazaryan2409:AR122333@cluster0.jh3pp.mongodb.net/OnGrid
*****info*****   GET /
*****info*****   GET /favicon.ico
*****info*****   Server running on port 3001
*****info*****   Databe connected to mongodb+srv://Ghazaryan2409:AR122333@cluster0.jh3pp.mongodb.net/OnGrid
*****info*****   Server running on port 3001
*****info*****   Databe connected to mongodb+srv://Ghazaryan2409:AR122333@cluster0.jh3pp.mongodb.net/OnGrid
*****info*****   Server running on port 3001
*****info*****   Databe connected to mongodb+srv://Ghazaryan2409:AR122333@cluster0.jh3pp.mongodb.net/OnGrid
*****info*****   GET /
*****info*****   GET /static/js/main.4a89535f.js
*****info*****   GET /static/css/main.e6c13ad2.css
*****info*****   GET /favicon.ico
*****info*****   GET /manifest.json
*****info*****   Server running on port 3001
*****info*****   Databe connected to mongodb+srv://Ghazaryan2409:AR122333@cluster0.jh3pp.mongodb.net/OnGrid
*****info*****   GET /
*****info*****   GET /static/js/main.4a89535f.js
*****info*****   GET /static/css/main.e6c13ad2.css
*****info*****   GET /static/css/main.e6c13ad2.css.map
*****info*****   GET /static/js/main.4a89535f.js.map
*****info*****   GET /api/isAuthenticated
*****info*****   GET /manifest.json
*****info*****   GET /logo192.png
*****info*****   GET /api/signIn
*****info*****   GET /api/signIn
*****info*****   GET /api/getResult
*****info*****   GET /api/logOut
*****info*****   GET /
*****info*****   GET /static/js/main.4a89535f.js
*****info*****   GET /static/css/main.e6c13ad2.css
*****info*****   GET /static/js/main.4a89535f.js.map
*****info*****   GET /static/css/main.e6c13ad2.css.map
*****info*****   GET /api/isAuthenticated
*****info*****   GET /manifest.json
*****info*****   GET /logo192.png
*****info*****   Server running on port 3001
*****info*****   Databe connected to mongodb+srv://Ghazaryan2409:AR122333@cluster0.jh3pp.mongodb.net/OnGrid
*****info*****   GET /
*****info*****   GET /static/js/main.4a89535f.js
*****info*****   GET /static/css/main.e6c13ad2.css
*****info*****   GET /static/js/main.4a89535f.js.map
*****info*****   GET /api/isAuthenticated
*****info*****   GET /static/css/main.e6c13ad2.css.map
*****info*****   GET /manifest.json
*****info*****   GET /logo192.png
*****info*****   GET /api/isAuthenticated
*****info*****   GET /api/isAuthenticated
*****info*****   GET /
*****info*****   GET /static/js/main.4a89535f.js
*****info*****   GET /static/css/main.e6c13ad2.css
*****info*****   GET /api/isAuthenticated
*****info*****   GET /manifest.json
*****info*****   GET /logo192.png
*****info*****   GET /api/signIn
*****info*****   GET /api/getResult
*****info*****   GET /
*****info*****   GET /static/js/main.4a89535f.js
*****info*****   GET /static/css/main.e6c13ad2.css
*****info*****   GET /api/isAuthenticated
*****info*****   GET /manifest.json
*****info*****   GET /logo192.png
*****info*****   GET /signIn
*****info*****   GET /
*****info*****   GET /static/js/main.4a89535f.js
*****info*****   GET /static/css/main.e6c13ad2.css
*****info*****   GET /api/isAuthenticated
*****info*****   GET /manifest.json
*****info*****   GET /logo192.png
*****info*****   GET /signIn
*****info*****   GET /
*****info*****   GET /static/js/main.4a89535f.js
*****info*****   GET /static/css/main.e6c13ad2.css
*****info*****   GET /api/isAuthenticated
*****info*****   GET /manifest.json
*****info*****   GET /logo192.png
*****info*****   Server running on port 3001
*****info*****   Databe connected to mongodb+srv://Ghazaryan2409:AR122333@cluster0.jh3pp.mongodb.net/OnGrid
*****info*****   GET /
*****info*****   GET /static/js/main.4a89535f.js
*****info*****   GET /static/css/main.e6c13ad2.css
*****info*****   GET /manifest.json
*****info*****   GET /api/isAuthenticated
*****info*****   GET /logo192.png
*****info*****   GET /
*****info*****   GET /static/js/main.4a89535f.js
*****info*****   GET /static/css/main.e6c13ad2.css
*****info*****   GET /api/isAuthenticated
*****info*****   GET /manifest.json
*****info*****   GET /logo192.png
