*****info*****   Server listening on port function normalizePort(val) {
  var port = parseInt(val, 10);

  if (isNaN(port)) {
    // named pipe
    return val;
  }

  if (port >= 0) {
    // port number
    return port;
  }

  return false;
}
*****info*****   Server listening on port undefined
*****info*****   Server listening on port 3001
*****info*****   Server listening on port 3001
*****info*****   Server listening on port 3001
*****info*****   Server listening on port 3001
*****info*****   Server listening on port 3001
*****info*****   Server listening on port 3001
*****info*****   Server listening on port 3001
*****info*****   Server listening on port 3001
*****info*****   Server listening on port 3001
*****info*****   Server listening on port 3001
*****info*****   Server listening on port 3001
*****info*****   Server listening on port 3001
*****info*****   Server listening on port 3001
*****info*****   Server listening on port 3001
*****info*****   Server listening on port 3001
*****info*****   Server listening on port 3001
*****info*****   Server listening on port 3001
*****info*****   Server listening on port 3001
*****info*****   Server listening on port 3001
*****info*****   Server listening on port 3001
*****info*****   Server listening on port 3001
*****info*****   Server listening on port 3001
*****info*****   Server listening on port 3001
*****info*****   Server listening on port 3001
*****info*****   Server listening on port 3001
*****info*****   Server listening on port 3001
*****info*****   Server listening on port 3001
*****info*****   Server listening on port 3001
*****info*****   Server listening on port 3001
*****info*****   Server listening on port 3001
*****info*****   Server listening on port 3001
*****info*****   Server listening on port 3001
*****info*****   Server listening on port 3001
*****info*****   Server listening on port 3001
*****info*****   Server listening on port 3001
*****info*****   Server listening on port 3001
*****info*****   Server listening on port 3001
*****info*****   Server listening on port 3001
*****info*****   Server listening on port 3001
*****info*****   Server listening on port 3001
*****info*****   Server listening on port 3001
*****info*****   Server listening on port 3001
*****info*****   Server listening on port 3001
*****info*****   Server listening on port 3001
*****info*****   Server listening on port 3001
*****info*****   Server listening on port 3001
*****info*****   Server listening on port 3001
*****info*****   Server listening on port 3001
*****info*****   Server listening on port 3001
*****info*****   Server listening on port 3001
*****info*****   Server listening on port 3001
*****info*****   Server listening on port 3001
*****info*****   Server listening on port 3001
*****info*****   Server listening on port 3001
*****info*****   Server listening on port 3001
*****info*****   Server listening on port 3001
*****info*****   Server listening on port 3001
*****info*****   Server listening on port 3001
*****info*****   Server listening on port 3001
*****info*****   Server listening on port 3001
*****info*****   Server listening on port 3001
